Diagnose log at 2026-06-15T02:47:32Z

AppPath: C:\Development\Git\mingw64\bin\git-credential-manager.exe
InstallDir: C:\Development\Git\mingw64\bin\
Version: 2.7.3+5fa7116896c82164996a609accd1c5ad90fe730a

------------
Diagnostic: Environment
Skipped: False
Success: True
Exception: None
Log:
OSType: Windows
OSVersion: 10.0 (build 26200)
Reading environment variables... OK
 Variables:
SESSIONNAME=Console
POWERSHELL_TELEMETRY_OPTOUT=1
MSYSTEM=MINGW64
ProgramW6432=C:\Program Files
PROCESSOR_IDENTIFIER=Intel64 Family 6 Model 189 Stepping 1, GenuineIntel
POWERSHELL_DISTRIBUTION_CHANNEL=MSI:Windows 10 Home China
CLASS_PATH=.;C:\Development\Java\jdk-23.0.1\lib\dt.jar;C:\Development\Java\jdk-23.0.1\lib\tools.jar;
PROCESSOR_ARCHITECTURE=AMD64
DriverData=C:\Windows\System32\Drivers\DriverData
Path=C:/Development/Git/mingw64/libexec/git-core;C:\Development\Git\mingw64\bin;C:\Development\Git\usr\bin;C:\Users\jay-waves\bin;C:\Development\Powershell\7;C:\Windows\system32;C:\Windows;C:\Windows\System32\Wbem;C:\Windows\System32\WindowsPowerShell\v1.0\;C:\Windows\System32\OpenSSH\;C:\Development\Git\cmd;C:\Development\Powershell\7\;D:\bin\uutils;C:\Program Files\dotnet\;C:\Development\Java\jdk-23.0.1\bin;C:\Development\Python\Python3.12\Scripts\;C:\Development\Python\Python3.12\;C:\Development\Python\uv\bin;C:\Development\C;C:\Development\C\cmake\bin;C:\Development\texlive\2025\bin\windows;C:\Development\NodeJS\;C:\Development\Go\go1.26.4\bin;C:\Development\Go\gobin;D:\bin;C:\Users\jay-waves\AppData\Local\Microsoft\WindowsApps;C:\Program Files\Microsoft VS Code\bin;C:\Program Files\Editor\nvim\bin;C:\Program Files\Media\;C:\Program Files\Media\ImageMagick;C:\Program Files\Calibre2\;C:\Program Files\OpenSSL-Win64\bin;C:\Program Files\System Tools\7-Zip;C:\Program Files (x86)\gnupg\bin;C:\Program Files\Microsoft Visual Studio Code\bin;C:\Program Files (x86)\HP\Common\HPDestPlgIn\;C:\Program Files\PowerToys\DSCModules\;C:\Users\jay-waves\AppData\Local\Microsoft\WinGet\Links;C:\Program Files\Media\ffmpeg\bin;C:\Program Files\Media\mpv;C:\Program Files\Editor\Obsidian;D:\bin\libiconv\bin\;D:\bin\file;
UV_PYTHON_INSTALL_DIR=C:\Development\Python\uv\python
CommonProgramFiles=C:\Program Files\Common Files
TEMP=C:\Users\JAY-WA~1\AppData\Local\Temp
USERPROFILE=C:\Users\jay-waves
LOGONSERVER=\\LAPTOP-V3RVP94A
TERM=xterm-256color
GOBIN=C:\Development\Go\gobin
USERNAME=jay-waves
SystemRoot=C:\Windows
UV_TOOL_BIN_DIR=C:\Development\Python\uv\bin
GIT_EXEC_PATH=C:/Development/Git/mingw64/libexec/git-core
OS=Windows_NT
PLINK_PROTOCOL=ssh
NO_PROXY=localhost,127.0.0.1,::1
OneDrive=C:\Users\jay-waves\OneDrive
CommonProgramFiles(x86)=C:\Program Files (x86)\Common Files
VSLANG=1033
WT_PROFILE_ID={a8365557-94e7-4ff6-836c-9a8522fe649b}
ProgramData=C:\ProgramData
LC_CTYPE=C.UTF-8
MPV_HOME=C:\Users\jay-waves\.config\mpv
HOMEPATH=\Users\jay-waves
WT_SESSION=c54f57ba-ac02-4686-9381-d2fd153fe118
COMPUTERNAME=LAPTOP-V3RVP94A
ALLUSERSPROFILE=C:\ProgramData
CommonProgramW6432=C:\Program Files\Common Files
TMP=C:\Users\JAY-WA~1\AppData\Local\Temp
ProgramFiles(x86)=C:\Program Files (x86)
WSLENV=WT_SESSION:WT_PROFILE_ID:
PROCESSOR_REVISION=bd01
HOMEDRIVE=C:
windir=C:\Windows
GIT_TRACE2_PARENT_SID=87829b57-eec6-496a-b384-f3fb5c40856a
SystemDrive=C:
NUMBER_OF_PROCESSORS=8
EDITOR=nvim
ZES_ENABLE_SYSMAN=1
ProgramFiles=C:\Program Files
ComSpec=C:\Windows\system32\cmd.exe
PATHEXT=.COM;.EXE;.BAT;.CMD;.VBS;.VBE;.JS;.JSE;.WSF;.WSH;.MSC;.CPL
HOME=C:\Users\jay-waves
JAVA_HOME=C:\Development\Java\jdk-23.0.1
PSModulePath=C:\Users\jay-waves\Documents\PowerShell\Modules;C:\Program Files\PowerShell\Modules;c:\development\powershell\7\Modules;C:\Program Files\WindowsPowerShell\Modules;C:\Windows\system32\WindowsPowerShell\v1.0\Modules
TMPDIR=C:\Users\JAY-WA~1\AppData\Local\Temp
UV_TOOL_DIR=C:\Development\Python\uv\tools
APPDATA=C:\Users\jay-waves\AppData\Roaming
USERDOMAIN=LAPTOP-V3RVP94A
PROCESSOR_LEVEL=6
VISUAL=nvim
LOCALAPPDATA=C:\Users\jay-waves\AppData\Local
HTTPS_PROXY=http://127.0.0.1:7890
USERDOMAIN_ROAMINGPROFILE=LAPTOP-V3RVP94A
GOOGLE_CLOUD_PROJECT=jay-waves
COLORTERM=truecolor
PUBLIC=C:\Users\Public
GOPATH=C:\Development\Go\gopath
HTTP_PROXY=http://127.0.0.1:7890


------------
Diagnostic: File system
Skipped: False
Success: True
Exception: None
Log:
Temporary directory is 'C:\Users\jay-waves\AppData\Local\Temp\'...
Checking basic file I/O...
Writing to temporary file 'C:\Users\jay-waves\AppData\Local\Temp\9e9c4abf88ba17b323b2629a'... OK
Reading from temporary file 'C:\Users\jay-waves\AppData\Local\Temp\9e9c4abf88ba17b323b2629a'... OK
Deleting temporary file 'C:\Users\jay-waves\AppData\Local\Temp\9e9c4abf88ba17b323b2629a'... OK
Testing IFileSystem instance...
UserHomePath: C:\Users\jay-waves
UserDataDirectoryPath: C:\Users\jay-waves\.gcm
GetCurrentDirectory(): D:\document\til

------------
Diagnostic: Networking
Skipped: False
Success: True
Exception: None
Log:
Checking networking and HTTP stack...
Creating HTTP client... OK
IsNetworkAvailable: True
Sending HEAD request to http://example.com...Sending HEAD request to https://example.com... OK
 OK
Acquiring free TCP port... OK
Testing local HTTP loopback connections...
Creating new HTTP listener for http://localhost:9395/... OK
Waiting for loopback connection... OK
Writing response... OK
Waiting for response data... OK
Loopback connection data OK

------------
Diagnostic: Git
Skipped: False
Success: True
Exception: None
Log:
Getting Git version... OK
Git version is '2.54.0.windows.1'
Locating current repository...Git repository at 'D:/document/til/.git'
 OK
Listing all Git configuration... OK
Git configuration:
file:C:/Development/Git/etc/gitconfig	core.symlinks=false
file:C:/Development/Git/etc/gitconfig	core.autocrlf=true
file:C:/Development/Git/etc/gitconfig	color.interactive=true
file:C:/Development/Git/etc/gitconfig	color.ui=auto
file:C:/Development/Git/etc/gitconfig	pack.packsizelimit=2g
file:C:/Development/Git/etc/gitconfig	help.format=html
file:C:/Development/Git/etc/gitconfig	diff.astextplain.textconv=astextplain
file:C:/Development/Git/etc/gitconfig	rebase.autosquash=true
file:C:/Development/Git/etc/gitconfig	filter.lfs.clean=git-lfs clean -- %f
file:C:/Development/Git/etc/gitconfig	filter.lfs.smudge=git-lfs smudge -- %f
file:C:/Development/Git/etc/gitconfig	filter.lfs.process=git-lfs filter-process
file:C:/Development/Git/etc/gitconfig	filter.lfs.required=true
file:C:/Development/Git/etc/gitconfig	credential.helper=manager
file:C:/Development/Git/etc/gitconfig	include.path=C:/Program Files (x86)/Git/etc/gitconfig
file:C:/Development/Git/etc/gitconfig	include.path=C:/Program Files/Git/etc/gitconfig
file:C:/Users/jay-waves/.gitconfig	http.proxy=http://127.0.0.1:7890
file:C:/Users/jay-waves/.gitconfig	http.postbuffer=524288000
file:C:/Users/jay-waves/.gitconfig	https.proxy=http://127.0.0.1:7890
file:C:/Users/jay-waves/.gitconfig	user.email=yujiawei@buaa.edu.cn
file:C:/Users/jay-waves/.gitconfig	user.name=jay-waves
file:C:/Users/jay-waves/.gitconfig	credential.https://gitee.com.provider=generic
file:C:/Users/jay-waves/.gitconfig	core.pager=delta
file:C:/Users/jay-waves/.gitconfig	interactive.difffilter=delta
file:C:/Users/jay-waves/.gitconfig	delta.navigate=true
file:C:/Users/jay-waves/.gitconfig	delta.dark=true
file:C:/Users/jay-waves/.gitconfig	delta.side-by-side=true
file:C:/Users/jay-waves/.gitconfig	delta.line-numbers=true
file:C:/Users/jay-waves/.gitconfig	merge.conflictstyle=zdiff3
file:.git/config	core.repositoryformatversion=0
file:.git/config	core.filemode=false
file:.git/config	core.bare=false
file:.git/config	core.logallrefupdates=true
file:.git/config	core.ignorecase=true
file:.git/config	remote.origin.url=https://github.com/jay-waves/til
file:.git/config	remote.origin.fetch=+refs/heads/*:refs/remotes/origin/*
file:.git/config	branch.main.remote=origin
file:.git/config	branch.main.merge=refs/heads/main
file:.git/config	branch.pages.remote=origin
file:.git/config	branch.pages.merge=refs/heads/pages


------------
Diagnostic: Credential storage
Skipped: False
Success: True
Exception: None
Log:
ICredentialStore instance is of type: CredentialStore
Writing test credential... OK
Reading test credential... OK
Deleting test credential... OK

------------
Diagnostic: Microsoft authentication (AAD/MSA)
Skipped: False
Success: True
Exception: None
Log:
Broker is not enabled.
Flow type is: Auto
Gathering MSAL token cache data... OK
CacheDirectory: C:\Users\jay-waves\AppData\Local\.IdentityService
CacheFileName: msal.cache
CacheFilePath: C:\Users\jay-waves\AppData\Local\.IdentityService\msal.cache
Creating cache helper... OK
Verifying MSAL token cache persistence... OK

------------
Diagnostic: GitHub API
Skipped: False
Success: True
Exception: None
Log:
Using 'https://github.com/' as API target.
Querying '/meta' endpoint... OK

